<?xml version="1.0" encoding="UTF-8"?>
<testng-results skipped="0" failed="0" ignored="0" total="1" passed="1">
  <reporter-output>
  </reporter-output>
  <suite name="Default suite" duration-ms="32994" started-at="2018-10-17T06:09:54Z" finished-at="2018-10-17T06:10:27Z">
    <groups>
    </groups>
    <test name="Default test" duration-ms="32994" started-at="2018-10-17T06:09:54Z" finished-at="2018-10-17T06:10:27Z">
      <class name="PracticeMock.Orange">
        <test-method status="PASS" signature="setup()[pri:0, instance:PracticeMock.Orange@cb5822]" name="setup" is-config="true" duration-ms="12630" started-at="2018-10-17T06:09:54Z" finished-at="2018-10-17T06:10:07Z">
          <reporter-output>
          </reporter-output>
        </test-method> <!-- setup -->
        <test-method status="PASS" signature="run()[pri:0, instance:PracticeMock.Orange@cb5822]" name="run" duration-ms="19469" started-at="2018-10-17T06:10:07Z" finished-at="2018-10-17T06:10:26Z">
          <reporter-output>
          </reporter-output>
        </test-method> <!-- run -->
        <test-method status="PASS" signature="teardown()[pri:0, instance:PracticeMock.Orange@cb5822]" name="teardown" is-config="true" duration-ms="862" started-at="2018-10-17T06:10:26Z" finished-at="2018-10-17T06:10:27Z">
          <reporter-output>
          </reporter-output>
        </test-method> <!-- teardown -->
      </class> <!-- PracticeMock.Orange -->
    </test> <!-- Default test -->
  </suite> <!-- Default suite -->
</testng-results>
